<?xml version="1.0" encoding="UTF-8"?>
<!-- Generated by org.testng.reporters.JUnitReportReporter -->
<testsuite hostname="saurin" name="ttt.model.dao.UserDaoTest" tests="3" failures="0" timestamp="10 Jun 2014 06:17:10 GMT" time="1.103" errors="0">
  <testcase name="getSavedGame" time="0.374" classname="ttt.model.dao.UserDaoTest"/>
  <testcase name="getUserByUsername" time="0.711" classname="ttt.model.dao.UserDaoTest"/>
  <testcase name="getGamesAgainstAI" time="0.018" classname="ttt.model.dao.UserDaoTest"/>
</testsuite> <!-- ttt.model.dao.UserDaoTest -->
