<?xml version="1.0" encoding="UTF-8"?>
<!-- Generated by org.testng.reporters.JUnitReportReporter -->
<testsuite hostname="saurin" name="ttt.model.dao.UserDaoTest" tests="3" failures="0" timestamp="9 May 2014 19:02:32 GMT" time="0.454" errors="0">
  <testcase name="getUserByUsername" time="0.015" classname="ttt.model.dao.UserDaoTest"/>
  <testcase name="getSavedGame" time="0.016" classname="ttt.model.dao.UserDaoTest"/>
  <testcase name="getGamesAgainstAI" time="0.423" classname="ttt.model.dao.UserDaoTest"/>
</testsuite> <!-- ttt.model.dao.UserDaoTest -->
